<?xml version="1.0" encoding="UTF-8"?>
<testng-results ignored="0" total="1" passed="1" failed="0" skipped="0">
  <reporter-output>
  </reporter-output>
  <suite started-at="2023-10-31T18:30:35 IST" name="Default suite" finished-at="2023-10-31T18:30:55 IST" duration-ms="20197">
    <groups>
    </groups>
    <test started-at="2023-10-31T18:30:35 IST" name="Default test" finished-at="2023-10-31T18:30:55 IST" duration-ms="20197">
      <class name="parentModule.Jdghvhjds">
        <test-method signature="nvkjer()[pri:0, instance:parentModule.Jdghvhjds@16a0ee18]" started-at="2023-10-31T18:30:35 IST" name="nvkjer" finished-at="2023-10-31T18:30:55 IST" duration-ms="20155" status="PASS">
          <reporter-output>
          </reporter-output>
        </test-method> <!-- nvkjer -->
      </class> <!-- parentModule.Jdghvhjds -->
    </test> <!-- Default test -->
  </suite> <!-- Default suite -->
</testng-results>
